# JRE version: OpenJDK Runtime Environment Temurin-17.0.2+8 (17.0.2+8) (build 17.0.2+8)
# Java VM: OpenJDK 64-Bit Server VM Temurin-17.0.2+8 (17.0.2+8, mixed mode, tiered, compressed oops, compressed class ptrs, parallel gc, windows-amd64)
GC Precious Log:
 CPUs: 4 total, 4 available
 Memory: 3341M
 Large Page Support: Disabled
 NUMA Support: Disabled
 Compressed Oops: Enabled (32-bit)
 Alignments: Space 512K, Generation 512K, Heap 2M
 Heap Min Capacity: 100M
 Heap Initial Capacity: 100M
 Heap Max Capacity: 1G
 Pre-touch: Disabled
 Parallel Workers: 4
Heap:
 PSYoungGen      total 5632K, used 1344K [0x00000000eab00000, 0x00000000eb200000, 0x0000000100000000)
  eden space 4096K, 23% used [0x00000000eab00000,0x00000000eabf0388,0x00000000eaf00000)
  from space 1536K, 25% used [0x00000000eb080000,0x00000000eb0e0000,0x00000000eb200000)
  to   space 1536K, 0% used [0x00000000eaf00000,0x00000000eaf00000,0x00000000eb080000)
 ParOldGen       total 303616K, used 290229K [0x00000000c0000000, 0x00000000d2880000, 0x00000000eab00000)
  object space 303616K, 95% used [0x00000000c0000000,0x00000000d1b6d598,0x00000000d2880000)
 Metaspace       used 82689K, committed 83776K, reserved 1130496K
  class space    used 8290K, committed 8768K, reserved 1048576K
GC Heap History (20 events):
Event: 767.808 GC heap before
{Heap before GC invocations=1524 (full 30):
 PSYoungGen      total 3584K, used 3554K [0x00000000eab00000, 0x00000000eb100000, 0x0000000100000000)
  eden space 3072K, 100% used [0x00000000eab00000,0x00000000eae00000,0x00000000eae00000)
  from space 512K, 94% used [0x00000000eaf00000,0x00000000eaf78890,0x00000000eaf80000)
  to   space 1024K, 0% used [0x00000000eae00000,0x00000000eae00000,0x00000000eaf00000)
 ParOldGen       total 303616K, used 282320K [0x00000000c0000000, 0x00000000d2880000, 0x00000000eab00000)
  object space 303616K, 92% used [0x00000000c0000000,0x00000000d13b40b8,0x00000000d2880000)
 Metaspace       used 82677K, committed 83776K, reserved 1130496K
  class space    used 8290K, committed 8768K, reserved 1048576K
}
Event: 767.813 GC heap after
{Heap after GC invocations=1524 (full 30):
 PSYoungGen      total 4096K, used 576K [0x00000000eab00000, 0x00000000eb100000, 0x0000000100000000)
  eden space 3072K, 0% used [0x00000000eab00000,0x00000000eab00000,0x00000000eae00000)
  from space 1024K, 56% used [0x00000000eae00000,0x00000000eae90000,0x00000000eaf00000)
  to   space 1024K, 0% used [0x00000000eb000000,0x00000000eb000000,0x00000000eb100000)
 ParOldGen       total 303616K, used 282448K [0x00000000c0000000, 0x00000000d2880000, 0x00000000eab00000)
  object space 303616K, 93% used [0x00000000c0000000,0x00000000d13d40b8,0x00000000d2880000)
 Metaspace       used 82677K, committed 83776K, reserved 1130496K
  class space    used 8290K, committed 8768K, reserved 1048576K
}
Event: 767.859 GC heap before
{Heap before GC invocations=1525 (full 30):
 PSYoungGen      total 4096K, used 3648K [0x00000000eab00000, 0x00000000eb100000, 0x0000000100000000)
  eden space 3072K, 100% used [0x00000000eab00000,0x00000000eae00000,0x00000000eae00000)
  from space 1024K, 56% used [0x00000000eae00000,0x00000000eae90000,0x00000000eaf00000)
  to   space 1024K, 0% used [0x00000000eb000000,0x00000000eb000000,0x00000000eb100000)
 ParOldGen       total 303616K, used 282448K [0x00000000c0000000, 0x00000000d2880000, 0x00000000eab00000)
  object space 303616K, 93% used [0x00000000c0000000,0x00000000d13d40b8,0x00000000d2880000)
 Metaspace       used 82685K, committed 83776K, reserved 1130496K
  class space    used 8290K, committed 8768K, reserved 1048576K
}
Event: 767.871 GC heap after
{Heap after GC invocations=1525 (full 30):
 PSYoungGen      total 4096K, used 1008K [0x00000000eab00000, 0x00000000eb300000, 0x0000000100000000)
  eden space 3072K, 0% used [0x00000000eab00000,0x00000000eab00000,0x00000000eae00000)
  from space 1024K, 98% used [0x00000000eb000000,0x00000000eb0fc010,0x00000000eb100000)
  to   space 2048K, 0% used [0x00000000eae00000,0x00000000eae00000,0x00000000eb000000)
 ParOldGen       total 303616K, used 283032K [0x00000000c0000000, 0x00000000d2880000, 0x00000000eab00000)
  object space 303616K, 93% used [0x00000000c0000000,0x00000000d14660b8,0x00000000d2880000)
 Metaspace       used 82685K, committed 83776K, reserved 1130496K
  class space    used 8290K, committed 8768K, reserved 1048576K
}
Event: 767.897 GC heap before
{Heap before GC invocations=1526 (full 30):
 PSYoungGen      total 4096K, used 4080K [0x00000000eab00000, 0x00000000eb300000, 0x0000000100000000)
  eden space 3072K, 100% used [0x00000000eab00000,0x00000000eae00000,0x00000000eae00000)
  from space 1024K, 98% used [0x00000000eb000000,0x00000000eb0fc010,0x00000000eb100000)
  to   space 2048K, 0% used [0x00000000eae00000,0x00000000eae00000,0x00000000eb000000)
 ParOldGen       total 303616K, used 283032K [0x00000000c0000000, 0x00000000d2880000, 0x00000000eab00000)
  object space 303616K, 93% used [0x00000000c0000000,0x00000000d14660b8,0x00000000d2880000)
 Metaspace       used 82685K, committed 83776K, reserved 1130496K
  class space    used 8290K, committed 8768K, reserved 1048576K
}
Event: 767.910 GC heap after
{Heap after GC invocations=1526 (full 30):
 PSYoungGen      total 5120K, used 1024K [0x00000000eab00000, 0x00000000eb200000, 0x0000000100000000)
  eden space 3072K, 0% used [0x00000000eab00000,0x00000000eab00000,0x00000000eae00000)
  from space 2048K, 50% used [0x00000000eae00000,0x00000000eaf00000,0x00000000eb000000)
  to   space 1536K, 0% used [0x00000000eb080000,0x00000000eb080000,0x00000000eb200000)
 ParOldGen       total 303616K, used 284010K [0x00000000c0000000, 0x00000000d2880000, 0x00000000eab00000)
  object space 303616K, 93% used [0x00000000c0000000,0x00000000d155a9d8,0x00000000d2880000)
 Metaspace       used 82685K, committed 83776K, reserved 1130496K
  class space    used 8290K, committed 8768K, reserved 1048576K
}
Event: 767.948 GC heap before
{Heap before GC invocations=1527 (full 30):
 PSYoungGen      total 5120K, used 4096K [0x00000000eab00000, 0x00000000eb200000, 0x0000000100000000)
  eden space 3072K, 100% used [0x00000000eab00000,0x00000000eae00000,0x00000000eae00000)
  from space 2048K, 50% used [0x00000000eae00000,0x00000000eaf00000,0x00000000eb000000)
  to   space 1536K, 0% used [0x00000000eb080000,0x00000000eb080000,0x00000000eb200000)
 ParOldGen       total 303616K, used 284010K [0x00000000c0000000, 0x00000000d2880000, 0x00000000eab00000)
  object space 303616K, 93% used [0x00000000c0000000,0x00000000d155a9d8,0x00000000d2880000)
 Metaspace       used 82685K, committed 83776K, reserved 1130496K
  class space    used 8290K, committed 8768K, reserved 1048576K
}
Event: 767.956 GC heap after
{Heap after GC invocations=1527 (full 30):
 PSYoungGen      total 4608K, used 1534K [0x00000000eab00000, 0x00000000eb200000, 0x0000000100000000)
  eden space 3072K, 0% used [0x00000000eab00000,0x00000000eab00000,0x00000000eae00000)
  from space 1536K, 99% used [0x00000000eb080000,0x00000000eb1ff998,0x00000000eb200000)
  to   space 2048K, 0% used [0x00000000eae00000,0x00000000eae00000,0x00000000eb000000)
 ParOldGen       total 303616K, used 285888K [0x00000000c0000000, 0x00000000d2880000, 0x00000000eab00000)
  object space 303616K, 94% used [0x00000000c0000000,0x00000000d17302e8,0x00000000d2880000)
 Metaspace       used 82685K, committed 83776K, reserved 1130496K
  class space    used 8290K, committed 8768K, reserved 1048576K
}
Event: 767.960 GC heap before
{Heap before GC invocations=1528 (full 30):
 PSYoungGen      total 4608K, used 4606K [0x00000000eab00000, 0x00000000eb200000, 0x0000000100000000)
  eden space 3072K, 100% used [0x00000000eab00000,0x00000000eae00000,0x00000000eae00000)
  from space 1536K, 99% used [0x00000000eb080000,0x00000000eb1ff998,0x00000000eb200000)
  to   space 2048K, 0% used [0x00000000eae00000,0x00000000eae00000,0x00000000eb000000)
 ParOldGen       total 303616K, used 285888K [0x00000000c0000000, 0x00000000d2880000, 0x00000000eab00000)
  object space 303616K, 94% used [0x00000000c0000000,0x00000000d17302e8,0x00000000d2880000)
 Metaspace       used 82685K, committed 83776K, reserved 1130496K
  class space    used 8290K, committed 8768K, reserved 1048576K
}
Event: 767.967 GC heap after
{Heap after GC invocations=1528 (full 30):
 PSYoungGen      total 5120K, used 448K [0x00000000eab00000, 0x00000000eb200000, 0x0000000100000000)
  eden space 3072K, 0% used [0x00000000eab00000,0x00000000eab00000,0x00000000eae00000)
  from space 2048K, 21% used [0x00000000eae00000,0x00000000eae70000,0x00000000eb000000)
  to   space 1536K, 0% used [0x00000000eb080000,0x00000000eb080000,0x00000000eb200000)
 ParOldGen       total 303616K, used 287022K [0x00000000c0000000, 0x00000000d2880000, 0x00000000eab00000)
  object space 303616K, 94% used [0x00000000c0000000,0x00000000d184b978,0x00000000d2880000)
 Metaspace       used 82685K, committed 83776K, reserved 1130496K
  class space    used 8290K, committed 8768K, reserved 1048576K
}
Event: 768.007 GC heap before
{Heap before GC invocations=1529 (full 30):
 PSYoungGen      total 5120K, used 3520K [0x00000000eab00000, 0x00000000eb200000, 0x0000000100000000)
  eden space 3072K, 100% used [0x00000000eab00000,0x00000000eae00000,0x00000000eae00000)
  from space 2048K, 21% used [0x00000000eae00000,0x00000000eae70000,0x00000000eb000000)
  to   space 1536K, 0% used [0x00000000eb080000,0x00000000eb080000,0x00000000eb200000)
 ParOldGen       total 303616K, used 287022K [0x00000000c0000000, 0x00000000d2880000, 0x00000000eab00000)
  object space 303616K, 94% used [0x00000000c0000000,0x00000000d184b978,0x00000000d2880000)
 Metaspace       used 82686K, committed 83776K, reserved 1130496K
  class space    used 8290K, committed 8768K, reserved 1048576K
}
Event: 768.013 GC heap after
{Heap after GC invocations=1529 (full 30):
 PSYoungGen      total 4608K, used 1520K [0x00000000eab00000, 0x00000000eb200000, 0x0000000100000000)
  eden space 3072K, 0% used [0x00000000eab00000,0x00000000eab00000,0x00000000eae00000)
  from space 1536K, 98% used [0x00000000eb080000,0x00000000eb1fc020,0x00000000eb200000)
  to   space 2048K, 0% used [0x00000000eae00000,0x00000000eae00000,0x00000000eb000000)
 ParOldGen       total 303616K, used 287658K [0x00000000c0000000, 0x00000000d2880000, 0x00000000eab00000)
  object space 303616K, 94% used [0x00000000c0000000,0x00000000d18ea9d8,0x00000000d2880000)
 Metaspace       used 82686K, committed 83776K, reserved 1130496K
  class space    used 8290K, committed 8768K, reserved 1048576K
}
Event: 768.076 GC heap before
{Heap before GC invocations=1530 (full 30):
 PSYoungGen      total 4608K, used 4592K [0x00000000eab00000, 0x00000000eb200000, 0x0000000100000000)
  eden space 3072K, 100% used [0x00000000eab00000,0x00000000eae00000,0x00000000eae00000)
  from space 1536K, 98% used [0x00000000eb080000,0x00000000eb1fc020,0x00000000eb200000)
  to   space 2048K, 0% used [0x00000000eae00000,0x00000000eae00000,0x00000000eb000000)
 ParOldGen       total 303616K, used 287658K [0x00000000c0000000, 0x00000000d2880000, 0x00000000eab00000)
  object space 303616K, 94% used [0x00000000c0000000,0x00000000d18ea9d8,0x00000000d2880000)
 Metaspace       used 82689K, committed 83776K, reserved 1130496K
  class space    used 8290K, committed 8768K, reserved 1048576K
}
Event: 768.082 GC heap after
{Heap after GC invocations=1530 (full 30):
 PSYoungGen      total 5120K, used 672K [0x00000000eab00000, 0x00000000eb200000, 0x0000000100000000)
  eden space 3072K, 0% used [0x00000000eab00000,0x00000000eab00000,0x00000000eae00000)
  from space 2048K, 32% used [0x00000000eae00000,0x00000000eaea8000,0x00000000eb000000)
  to   space 1536K, 0% used [0x00000000eb080000,0x00000000eb080000,0x00000000eb200000)
 ParOldGen       total 303616K, used 288960K [0x00000000c0000000, 0x00000000d2880000, 0x00000000eab00000)
  object space 303616K, 95% used [0x00000000c0000000,0x00000000d1a30348,0x00000000d2880000)
 Metaspace       used 82689K, committed 83776K, reserved 1130496K
  class space    used 8290K, committed 8768K, reserved 1048576K
}
Event: 768.156 GC heap before
{Heap before GC invocations=1531 (full 30):
 PSYoungGen      total 5120K, used 3744K [0x00000000eab00000, 0x00000000eb200000, 0x0000000100000000)
  eden space 3072K, 100% used [0x00000000eab00000,0x00000000eae00000,0x00000000eae00000)
  from space 2048K, 32% used [0x00000000eae00000,0x00000000eaea8000,0x00000000eb000000)
  to   space 1536K, 0% used [0x00000000eb080000,0x00000000eb080000,0x00000000eb200000)
 ParOldGen       total 303616K, used 288960K [0x00000000c0000000, 0x00000000d2880000, 0x00000000eab00000)
  object space 303616K, 95% used [0x00000000c0000000,0x00000000d1a30348,0x00000000d2880000)
 Metaspace       used 82689K, committed 83776K, reserved 1130496K
  class space    used 8290K, committed 8768K, reserved 1048576K
}
Event: 768.160 GC heap after
{Heap after GC invocations=1531 (full 30):
 PSYoungGen      total 5632K, used 1024K [0x00000000eab00000, 0x00000000eb200000, 0x0000000100000000)
  eden space 4096K, 0% used [0x00000000eab00000,0x00000000eab00000,0x00000000eaf00000)
  from space 1536K, 66% used [0x00000000eb080000,0x00000000eb180020,0x00000000eb200000)
  to   space 1536K, 0% used [0x00000000eaf00000,0x00000000eaf00000,0x00000000eb080000)
 ParOldGen       total 303616K, used 289304K [0x00000000c0000000, 0x00000000d2880000, 0x00000000eab00000)
  object space 303616K, 95% used [0x00000000c0000000,0x00000000d1a86348,0x00000000d2880000)
 Metaspace       used 82689K, committed 83776K, reserved 1130496K
  class space    used 8290K, committed 8768K, reserved 1048576K
}
Event: 768.200 GC heap before
{Heap before GC invocations=1532 (full 30):
 PSYoungGen      total 5632K, used 5120K [0x00000000eab00000, 0x00000000eb200000, 0x0000000100000000)
  eden space 4096K, 100% used [0x00000000eab00000,0x00000000eaf00000,0x00000000eaf00000)
  from space 1536K, 66% used [0x00000000eb080000,0x00000000eb180020,0x00000000eb200000)
  to   space 1536K, 0% used [0x00000000eaf00000,0x00000000eaf00000,0x00000000eb080000)
 ParOldGen       total 303616K, used 289304K [0x00000000c0000000, 0x00000000d2880000, 0x00000000eab00000)
  object space 303616K, 95% used [0x00000000c0000000,0x00000000d1a86348,0x00000000d2880000)
 Metaspace       used 82689K, committed 83776K, reserved 1130496K
  class space    used 8290K, committed 8768K, reserved 1048576K
}
Event: 768.205 GC heap after
{Heap after GC invocations=1532 (full 30):
 PSYoungGen      total 5632K, used 1517K [0x00000000eab00000, 0x00000000eb200000, 0x0000000100000000)
  eden space 4096K, 0% used [0x00000000eab00000,0x00000000eab00000,0x00000000eaf00000)
  from space 1536K, 98% used [0x00000000eaf00000,0x00000000eb07b6a0,0x00000000eb080000)
  to   space 1536K, 0% used [0x00000000eb080000,0x00000000eb080000,0x00000000eb200000)
 ParOldGen       total 303616K, used 290075K [0x00000000c0000000, 0x00000000d2880000, 0x00000000eab00000)
  object space 303616K, 95% used [0x00000000c0000000,0x00000000d1b46c68,0x00000000d2880000)
 Metaspace       used 82689K, committed 83776K, reserved 1130496K
  class space    used 8290K, committed 8768K, reserved 1048576K
}
Event: 768.254 GC heap before
{Heap before GC invocations=1533 (full 30):
 PSYoungGen      total 5632K, used 5612K [0x00000000eab00000, 0x00000000eb200000, 0x0000000100000000)
  eden space 4096K, 99% used [0x00000000eab00000,0x00000000eaeffa88,0x00000000eaf00000)
  from space 1536K, 98% used [0x00000000eaf00000,0x00000000eb07b6a0,0x00000000eb080000)
  to   space 1536K, 0% used [0x00000000eb080000,0x00000000eb080000,0x00000000eb200000)
 ParOldGen       total 303616K, used 290075K [0x00000000c0000000, 0x00000000d2880000, 0x00000000eab00000)
  object space 303616K, 95% used [0x00000000c0000000,0x00000000d1b46c68,0x00000000d2880000)
 Metaspace       used 82689K, committed 83776K, reserved 1130496K
  class space    used 8290K, committed 8768K, reserved 1048576K
}
Event: 768.257 GC heap after
{Heap after GC invocations=1533 (full 30):
 PSYoungGen      total 5632K, used 384K [0x00000000eab00000, 0x00000000eb200000, 0x0000000100000000)
  eden space 4096K, 0% used [0x00000000eab00000,0x00000000eab00000,0x00000000eaf00000)
  from space 1536K, 25% used [0x00000000eb080000,0x00000000eb0e0000,0x00000000eb200000)
  to   space 1536K, 0% used [0x00000000eaf00000,0x00000000eaf00000,0x00000000eb080000)
 ParOldGen       total 303616K, used 290229K [0x00000000c0000000, 0x00000000d2880000, 0x00000000eab00000)
  object space 303616K, 95% used [0x00000000c0000000,0x00000000d1b6d598,0x00000000d2880000)
 Metaspace       used 82689K, committed 83776K, reserved 1130496K
  class space    used 8290K, committed 8768K, reserved 1048576K
}

